<?xml version="1.0" encoding="UTF-8"?>
<!-- Generated by org.testng.reporters.JUnitReportReporter -->
<testsuite hostname="DESKTOP-BP50NPF" failures="0" tests="6" name="Runner.CucumberRunnerTests" time="0.159" errors="0" timestamp="2023-04-04T23:11:22 IST" skipped="0">
  <testcase classname="Runner.CucumberRunnerTests" name="runScenario" time="0.096"/>
  <system-out/>
  <testcase classname="Runner.CucumberRunnerTests" name="runScenario" time="0.013"/>
  <system-out/>
  <testcase classname="Runner.CucumberRunnerTests" name="runScenario" time="0.016"/>
  <system-out/>
  <testcase classname="Runner.CucumberRunnerTests" name="runScenario" time="0.011"/>
  <system-out/>
  <testcase classname="Runner.CucumberRunnerTests" name="runScenario" time="0.010"/>
  <system-out/>
  <testcase classname="Runner.CucumberRunnerTests" name="runScenario" time="0.013"/>
  <system-out/>
</testsuite> <!-- Runner.CucumberRunnerTests -->
